[2017-09-16 07:00:41.845 GMT     1	INFO   	100404	Silo	127.0.0.1:22222]	Silo starting with GC settings: ServerGC=True GCLatencyMode=Batch	
[2017-09-16 07:00:41.894 GMT     1	INFO   	100403	Silo	127.0.0.1:22222]	-------------- Initializing Primary silo on host DESKTOP-7K57SOQ MachineName DESKTOP-7K57SOQ at 127.0.0.1:22222, gen 243241241 --------------	
[2017-09-16 07:00:41.968 GMT     1	INFO   	100415	Silo	127.0.0.1:22222]	Starting silo Test with the following configuration= 
Config File Name: 
Host: DESKTOP-7K57SOQ
Start time: 2017-09-16 07:00:41.910 GMT
Primary node: 127.0.0.1:22222
Platform version info:
   Orleans version: 2.0.0-preview2-20170724 (Debug).
   GC Type=Server GCLatencyMode=Batch
Global configuration:
   System Ids:
      ServiceId: 00000000-0000-0000-0000-000000000000
      DeploymentId: 
   Subnet: 
   Seed nodes: 127.0.0.1:22222
   Messaging:
       Response timeout: 00:30:00
       Maximum resend count: 0
       Resend On Timeout: False
       Maximum Socket Age: 10675199.02:48:05.4775807
       Drop Expired Messages: True
       Silo Sender queues: 4
       Gateway Sender queues: 4
       Client Drop Timeout: 00:01:00
       Buffer Pool Buffer Size: 4096
       Buffer Pool Max Size: 10000
       Buffer Pool Preallocation Size: 250
       Maximum forward count: 2
       Fallback serializer: 
   Liveness:
      LivenessEnabled: True
      LivenessType: MembershipTableGrain
      ProbeTimeout: 00:00:10
      TableRefreshTimeout: 00:01:00
      DeathVoteExpirationTimeout: 00:02:00
      NumMissedProbesLimit: 3
      NumProbedSilos: 3
      NumVotesForDeathDeclaration: 2
      UseLivenessGossip: True
      ValidateInitialConnectivity: True
      IAmAliveTablePublishTimeout: 00:05:00
      NumMissedTableIAmAliveLimit: 2
      MaxJoinAttemptTime: 00:05:00
      ExpectedClusterSize: 20
   MultiClusterNetwork: N/A
   SystemStore:
      SystemStore ConnectionString: null
      Reminders ConnectionString: null
   Application:
      Defaults:
         Deactivate if idle for: 02:00:00

   PlacementStrategy: 
         Default Placement Strategy: RandomPlacement
         Deployment Load Publisher Refresh Time: 00:00:01
         Activation CountBased Placement Choose Out Of: 2
   Grain directory cache:
      Maximum size: 1000000 grains
      Initial TTL: 00:00:30
      Maximum TTL: 00:04:00
      TTL extension factor: 2.00
      Directory Caching Strategy: Adaptive
   Grain directory:
      Lazy deregistration delay: 00:01:00
      Client registration refresh: 00:05:00
   Reminder Service:
       ReminderServiceType: ReminderTableGrain
   Consistent Ring:
       Use Virtual Buckets Consistent Ring: True
       Num Virtual Buckets Consistent Ring: 30
   Providers:
       No providers configured.
Silo configuration:
   Silo Name: Test
   Generation: 243241241
   Host Name or IP Address: localhost
   DNS Host Name: DESKTOP-7K57SOQ
   Port: 22222
   Subnet: 
   Preferred Address Family: InterNetwork
   Proxy Gateway: 127.0.0.1:40000
   IsPrimaryNode: True
   Scheduler: 
         Max Active Threads: 4
         Processor Count: 4
         Delay Warning Threshold: 00:00:10
         Activation Scheduling Quantum: 00:00:00.1000000
         Turn Warning Length Threshold: 00:00:00.2000000
         Inject More Worker Threads: False
         MinDotNetThreadPoolSize: 200
         .NET ServicePointManager - DefaultConnectionLimit=200 Expect100Continue=False UseNagleAlgorithm=False
   Load Shedding Enabled: False
   Load Shedding Limit: 95
   SiloShutdownEventName: 
   Debug: 
   Tracing: 
     Default Trace Level: Info
     TraceLevelOverrides: None
     Trace to Console: True
     Trace File Name: C:\Dev\deepflow-platform\src\Deepflow.Platform\Test-2017-09-16-07.00.41.648Z.log
     LargeMessageWarningThreshold: 85000
     PropagateActivityId: False
     BulkMessageLimit: 5
   Statistics: 
     MetricsTableWriteInterval: 00:00:30
     PerfCounterWriteInterval: 00:00:30
     LogWriteInterval: 00:05:00
     WriteLogStatisticsToTable: True
     StatisticsCollectionLevel: Info

	
